c:\users\marek\source\repos\arkanoid_final\client\sdlprojektarkanoid\sdlprojektarkanoid\x64\debug\vc141.pdb
c:\users\marek\source\repos\arkanoid_final\client\sdlprojektarkanoid\sdlprojektarkanoid\x64\debug\vc141.idb
c:\users\marek\source\repos\arkanoid_final\client\sdlprojektarkanoid\sdlprojektarkanoid\x64\debug\prekazka.obj
c:\users\marek\source\repos\arkanoid_final\client\sdlprojektarkanoid\sdlprojektarkanoid\x64\debug\menu.obj
c:\users\marek\source\repos\arkanoid_final\client\sdlprojektarkanoid\sdlprojektarkanoid\x64\debug\main.obj
c:\users\marek\source\repos\arkanoid_final\client\sdlprojektarkanoid\sdlprojektarkanoid\x64\debug\lopta.obj
c:\users\marek\source\repos\arkanoid_final\client\sdlprojektarkanoid\sdlprojektarkanoid\x64\debug\hraciaplocha.obj
c:\users\marek\source\repos\arkanoid_final\client\sdlprojektarkanoid\sdlprojektarkanoid\x64\debug\hrac.obj
c:\users\marek\source\repos\arkanoid_final\client\sdlprojektarkanoid\x64\debug\client.ilk
c:\users\marek\source\repos\arkanoid_final\client\sdlprojektarkanoid\x64\debug\client.exe
c:\users\marek\source\repos\arkanoid_final\client\sdlprojektarkanoid\x64\debug\client.pdb
c:\users\marek\source\repos\arkanoid_final\server\sdlprojektarkanoid\x64\debug\client.pdb
c:\users\marek\source\repos\arkanoid_final\server\sdlprojektarkanoid\x64\debug\client.exe
c:\users\marek\source\repos\arkanoid_final\server\sdlprojektarkanoid\x64\debug\client.ilk
c:\users\marek\source\repos\arkanoid_final\client\sdlprojektarkanoid\sdlprojektarkanoid\x64\debug\client.tlog\cl.command.1.tlog
c:\users\marek\source\repos\arkanoid_final\client\sdlprojektarkanoid\sdlprojektarkanoid\x64\debug\client.tlog\cl.read.1.tlog
c:\users\marek\source\repos\arkanoid_final\client\sdlprojektarkanoid\sdlprojektarkanoid\x64\debug\client.tlog\cl.write.1.tlog
c:\users\marek\source\repos\arkanoid_final\client\sdlprojektarkanoid\sdlprojektarkanoid\x64\debug\client.tlog\link.command.1.tlog
c:\users\marek\source\repos\arkanoid_final\client\sdlprojektarkanoid\sdlprojektarkanoid\x64\debug\client.tlog\link.read.1.tlog
c:\users\marek\source\repos\arkanoid_final\client\sdlprojektarkanoid\sdlprojektarkanoid\x64\debug\client.tlog\link.write.1.tlog
