c:\users\irenko\source\repos\vyhra\server\sdlprojektarkanoid\sdlprojektarkanoid\x64\debug\vc141.pdb
c:\users\irenko\source\repos\vyhra\server\sdlprojektarkanoid\sdlprojektarkanoid\x64\debug\vc141.idb
c:\users\irenko\source\repos\vyhra\server\sdlprojektarkanoid\sdlprojektarkanoid\x64\debug\prekazka.obj
c:\users\irenko\source\repos\vyhra\server\sdlprojektarkanoid\sdlprojektarkanoid\x64\debug\menu.obj
c:\users\irenko\source\repos\vyhra\server\sdlprojektarkanoid\sdlprojektarkanoid\x64\debug\main.obj
c:\users\irenko\source\repos\vyhra\server\sdlprojektarkanoid\sdlprojektarkanoid\x64\debug\lopta.obj
c:\users\irenko\source\repos\vyhra\server\sdlprojektarkanoid\sdlprojektarkanoid\x64\debug\hraciaplocha.obj
c:\users\irenko\source\repos\vyhra\server\sdlprojektarkanoid\sdlprojektarkanoid\x64\debug\hrac.obj
c:\users\irenko\source\repos\vyhra\server\sdlprojektarkanoid\x64\debug\server.exe
c:\users\irenko\source\repos\vyhra\server\sdlprojektarkanoid\x64\debug\server.ilk
c:\users\irenko\source\repos\vyhra\server\sdlprojektarkanoid\x64\debug\server.pdb
c:\users\marek\source\repos\arkanoid_final\server\sdlprojektarkanoid\sdlprojektarkanoid\x64\debug\hrac.obj
c:\users\marek\source\repos\arkanoid_final\server\sdlprojektarkanoid\sdlprojektarkanoid\x64\debug\hraciaplocha.obj
c:\users\marek\source\repos\arkanoid_final\server\sdlprojektarkanoid\sdlprojektarkanoid\x64\debug\lopta.obj
c:\users\marek\source\repos\arkanoid_final\server\sdlprojektarkanoid\sdlprojektarkanoid\x64\debug\main.obj
c:\users\marek\source\repos\arkanoid_final\server\sdlprojektarkanoid\sdlprojektarkanoid\x64\debug\menu.obj
c:\users\marek\source\repos\arkanoid_final\server\sdlprojektarkanoid\sdlprojektarkanoid\x64\debug\prekazka.obj
c:\users\marek\source\repos\arkanoid_final\server\sdlprojektarkanoid\sdlprojektarkanoid\x64\debug\vc141.idb
c:\users\marek\source\repos\arkanoid_final\server\sdlprojektarkanoid\sdlprojektarkanoid\x64\debug\vc141.pdb
c:\users\marek\source\repos\arkanoid_final\server\sdlprojektarkanoid\x64\debug\server.pdb
c:\users\marek\source\repos\arkanoid_final\server\sdlprojektarkanoid\x64\debug\server.exe
c:\users\marek\source\repos\arkanoid_final\server\sdlprojektarkanoid\x64\debug\server.ilk
c:\users\marek\source\repos\arkanoid_final\server\sdlprojektarkanoid\sdlprojektarkanoid\x64\debug\server.tlog\cl.command.1.tlog
c:\users\marek\source\repos\arkanoid_final\server\sdlprojektarkanoid\sdlprojektarkanoid\x64\debug\server.tlog\cl.read.1.tlog
c:\users\marek\source\repos\arkanoid_final\server\sdlprojektarkanoid\sdlprojektarkanoid\x64\debug\server.tlog\cl.write.1.tlog
c:\users\marek\source\repos\arkanoid_final\server\sdlprojektarkanoid\sdlprojektarkanoid\x64\debug\server.tlog\link.command.1.tlog
c:\users\marek\source\repos\arkanoid_final\server\sdlprojektarkanoid\sdlprojektarkanoid\x64\debug\server.tlog\link.read.1.tlog
c:\users\marek\source\repos\arkanoid_final\server\sdlprojektarkanoid\sdlprojektarkanoid\x64\debug\server.tlog\link.write.1.tlog
